<?xml version="1.0" encoding="UTF-8"?>
<!-- Generated by org.testng.reporters.JUnitXMLReporter -->
<testsuite ignored="0" hostname="DESKTOP-3K41F05" failures="0" tests="2" name="Error Validations Test" time="20.593" errors="0" timestamp="2023-04-05T17:38:33 IST">
  <testcase classname="org.hardikb.tests.ErrorValidationsTest" name="productErrorValidations" time="3.292"/>
  <testcase classname="org.hardikb.tests.ErrorValidationsTest" name="verifyLoginError" time="0.572"/>
</testsuite> <!-- Error Validations Test -->
