<?xml version="1.0" encoding="UTF-8"?>
<!-- Generated by org.testng.reporters.JUnitXMLReporter -->
<testsuite ignored="0" hostname="DESKTOP-3K41F05" failures="0" tests="3" name="Submit Order Test" time="31.658" errors="0" timestamp="2023-04-05T17:38:43 IST">
  <testcase classname="org.hardikb.tests.SubmitOrderTest" name="submitOrder" time="5.38"/>
  <testcase classname="org.hardikb.tests.SubmitOrderTest" name="submitOrder" time="6.176"/>
  <testcase classname="org.hardikb.tests.SubmitOrderTest" name="orderHistoryTest" time="1.534"/>
</testsuite> <!-- Submit Order Test -->
